<?xml version="1.0" encoding="UTF-8"?>
<!-- Generated by org.testng.reporters.JUnitReportReporter -->
<testsuite hostname="LAPTOP-L57HJ0DS" failures="0" tests="1" name="testNG.FileuploadPgm" time="4.080" errors="0" timestamp="2023-12-26T11:21:48 IST" skipped="0">
  <testcase classname="testNG.FileuploadPgm" name="test1" time="4.080"/>
  <system-out/>
</testsuite> <!-- testNG.FileuploadPgm -->
