<?xml version="1.0" encoding="UTF-8"?>
<!-- Generated by org.testng.reporters.JUnitReportReporter -->
<testsuite hostname="LAPTOP-L57HJ0DS" failures="0" tests="1" name="testNG.TrivagoPgm" time="2.454" errors="0" timestamp="2024-01-02T11:18:28 IST" skipped="0">
  <testcase classname="testNG.TrivagoPgm" name="testlogin" time="2.454"/>
  <system-out/>
</testsuite> <!-- testNG.TrivagoPgm -->
