<?xml version="1.0" encoding="UTF-8"?>
<!-- Generated by org.testng.reporters.JUnitReportReporter -->
<testsuite hostname="LAPTOP-L57HJ0DS" failures="0" tests="1" name="testNG.Parametertest" time="0.008" errors="0" timestamp="2023-12-19T10:48:22 IST" skipped="0">
  <testcase classname="testNG.Parametertest" name="main" time="0.008"/>
  <system-out/>
</testsuite> <!-- testNG.Parametertest -->
