<?xml version="1.0" encoding="UTF-8"?>
<!-- Generated by org.testng.reporters.JUnitReportReporter -->
<testsuite hostname="LAPTOP-L57HJ0DS" failures="0" tests="4" name="Testselenium.Testng" time="0.012" errors="0" timestamp="2023-12-18T10:35:27 IST" skipped="1">
  <testcase classname="Testselenium.Testng" name="test2" time="0.002"/>
  <system-out/>
  <testcase classname="Testselenium.Testng" name="test3" time="0.007"/>
  <system-out/>
  <testcase classname="Testselenium.Testng" name="test3" time="0.003"/>
  <system-out/>
  <testcase classname="Testselenium.Testng" name="test1">
    <skipped/>
  </testcase> <!-- test1 -->
  <system-out/>
</testsuite> <!-- Testselenium.Testng -->
