<?xml version="1.0" encoding="UTF-8"?>
<!-- Generated by org.testng.reporters.JUnitReportReporter -->
<testsuite hostname="LAPTOP-L57HJ0DS" failures="0" tests="1" name="testNG.ScrolldownPgm" time="2.396" errors="0" timestamp="2024-01-02T14:27:39 IST" skipped="0">
  <testcase classname="testNG.ScrolldownPgm" name="test1" time="2.396"/>
  <system-out/>
</testsuite> <!-- testNG.ScrolldownPgm -->
