<?xml version="1.0" encoding="UTF-8"?>
<!-- Generated by org.testng.reporters.JUnitReportReporter -->
<testsuite hostname="LAPTOP-L57HJ0DS" failures="0" tests="1" name="testNG.WindowHandlePgm" time="6.588" errors="0" timestamp="2024-01-02T15:05:53 IST" skipped="0">
  <testcase classname="testNG.WindowHandlePgm" name="test1" time="6.588"/>
  <system-out/>
</testsuite> <!-- testNG.WindowHandlePgm -->
