<?xml version="1.0" encoding="UTF-8"?>
<!-- Generated by org.testng.reporters.JUnitReportReporter -->
<testsuite hostname="LAPTOP-L57HJ0DS" failures="0" tests="1" name="testNG.RightdoubleclickPgm" time="2.887" errors="0" timestamp="2023-12-27T09:31:21 IST" skipped="0">
  <testcase classname="testNG.RightdoubleclickPgm" name="test1" time="2.887"/>
  <system-out/>
</testsuite> <!-- testNG.RightdoubleclickPgm -->
