<?xml version="1.0" encoding="UTF-8"?>
<!-- Generated by org.testng.reporters.JUnitReportReporter -->
<testsuite hostname="LAPTOP-L57HJ0DS" failures="0" tests="4" name="testNG.TestNGdemo" time="0.014" errors="0" timestamp="2023-12-18T11:13:28 IST" skipped="1">
  <testcase classname="testNG.TestNGdemo" name="test2" time="0.002"/>
  <system-out/>
  <testcase classname="testNG.TestNGdemo" name="test3" time="0.008"/>
  <system-out/>
  <testcase classname="testNG.TestNGdemo" name="test3" time="0.004"/>
  <system-out/>
  <testcase classname="testNG.TestNGdemo" name="test1">
    <skipped/>
  </testcase> <!-- test1 -->
  <system-out/>
</testsuite> <!-- testNG.TestNGdemo -->
