<?xml version="1.0" encoding="UTF-8"?>
<!-- Generated by org.testng.reporters.JUnitReportReporter -->
<testsuite hostname="LAPTOP-L57HJ0DS" failures="0" tests="1" name="testNG.AutoItPgm" time="0.144" errors="0" timestamp="2023-12-27T11:23:53 IST" skipped="0">
  <testcase classname="testNG.AutoItPgm" name="pdf" time="0.144"/>
  <system-out/>
</testsuite> <!-- testNG.AutoItPgm -->
