<?xml version="1.0" encoding="UTF-8"?>
<!-- Generated by org.testng.reporters.JUnitReportReporter -->
<testsuite hostname="LAPTOP-L57HJ0DS" failures="0" tests="1" name="Test.FBcreateTest" time="2.977" errors="0" timestamp="2024-01-04T11:21:31 IST" skipped="0">
  <testcase classname="Test.FBcreateTest" name="testlogin" time="2.977"/>
  <system-out/>
</testsuite> <!-- Test.FBcreateTest -->
