<?xml version="1.0" encoding="UTF-8"?>
<!-- Generated by org.testng.reporters.JUnitReportReporter -->
<testsuite hostname="LAPTOP-L57HJ0DS" failures="0" tests="4" name="testNG.TestNGgrouping" time="0.007" errors="0" timestamp="2023-12-19T10:56:38 IST" skipped="0">
  <testcase classname="testNG.TestNGgrouping" name="main5" time="0.000"/>
  <system-out/>
  <testcase classname="testNG.TestNGgrouping" name="main3" time="0.001"/>
  <system-out/>
  <testcase classname="testNG.TestNGgrouping" name="main2" time="0.005"/>
  <system-out/>
  <testcase classname="testNG.TestNGgrouping" name="main4" time="0.001"/>
  <system-out/>
</testsuite> <!-- testNG.TestNGgrouping -->
