<?xml version="1.0" encoding="UTF-8"?>
<!-- Generated by org.testng.reporters.JUnitReportReporter -->
<testsuite hostname="LAPTOP-L57HJ0DS" failures="0" tests="1" name="testNG.EbayPgm" time="5.305" errors="0" timestamp="2023-12-26T10:29:09 IST" skipped="0">
  <testcase classname="testNG.EbayPgm" name="test1" time="5.305"/>
  <system-out/>
</testsuite> <!-- testNG.EbayPgm -->
