<?xml version="1.0" encoding="UTF-8"?>
<!-- Generated by org.testng.reporters.JUnitReportReporter -->
<testsuite hostname="LAPTOP-L57HJ0DS" failures="0" tests="1" name="testNG.DataDrivenTest" time="14.840" errors="0" timestamp="2024-01-03T14:06:56 IST" skipped="0">
  <testcase classname="testNG.DataDrivenTest" name="test1" time="14.840"/>
  <system-out/>
</testsuite> <!-- testNG.DataDrivenTest -->
