<?xml version="1.0" encoding="UTF-8"?>
<!-- Generated by org.testng.reporters.JUnitReportReporter -->
<testsuite hostname="LAPTOP-L57HJ0DS" failures="0" tests="1" name="testNG.CopyPastePgm" time="2.624" errors="0" timestamp="2023-12-21T10:07:55 IST" skipped="0">
  <testcase classname="testNG.CopyPastePgm" name="test1" time="2.624"/>
  <system-out/>
</testsuite> <!-- testNG.CopyPastePgm -->
