<?xml version="1.0" encoding="UTF-8"?>
<!-- Generated by org.testng.reporters.JUnitReportReporter -->
<testsuite hostname="LAPTOP-L57HJ0DS" failures="0" tests="1" name="testNG.RishiHerbalTask" time="13.049" errors="0" timestamp="2024-01-03T16:54:47 IST" skipped="0">
  <testcase classname="testNG.RishiHerbalTask" name="test1" time="13.049"/>
  <system-out/>
</testsuite> <!-- testNG.RishiHerbalTask -->
