<?xml version="1.0" encoding="UTF-8"?>
<!-- Generated by org.testng.reporters.JUnitReportReporter -->
<testsuite hostname="LAPTOP-L57HJ0DS" failures="0" tests="1" name="testNG.AmazonTstPgm" time="12.063" errors="0" timestamp="2024-01-02T15:37:05 IST" skipped="0">
  <testcase classname="testNG.AmazonTstPgm" name="test1" time="12.063"/>
  <system-out/>
</testsuite> <!-- testNG.AmazonTstPgm -->
