<?xml version="1.0" encoding="UTF-8"?>
<!-- Generated by org.testng.reporters.JUnitReportReporter -->
<testsuite hostname="LAPTOP-L57HJ0DS" failures="0" tests="1" name="Test.FbloginTest" time="1.359" errors="0" timestamp="2024-01-04T10:35:47 IST" skipped="0">
  <testcase classname="Test.FbloginTest" name="testlogin" time="1.359"/>
  <system-out/>
</testsuite> <!-- Test.FbloginTest -->
