<?xml version="1.0" encoding="UTF-8"?>
<!-- Generated by org.testng.reporters.JUnitReportReporter -->
<testsuite hostname="LAPTOP-L57HJ0DS" failures="0" tests="3" name="testNG.CrossbrowserTesting" time="3.551" errors="0" timestamp="2023-12-20T10:52:02 IST" skipped="0">
  <testcase classname="testNG.CrossbrowserTesting" name="fb" time="0.928"/>
  <system-out/>
  <testcase classname="testNG.CrossbrowserTesting" name="fb" time="1.569"/>
  <system-out/>
  <testcase classname="testNG.CrossbrowserTesting" name="fb" time="1.054"/>
  <system-out/>
</testsuite> <!-- testNG.CrossbrowserTesting -->
