<?xml version="1.0" encoding="UTF-8"?>
<!-- Generated by org.testng.reporters.JUnitReportReporter -->
<testsuite hostname="LAPTOP-L57HJ0DS" failures="0" tests="1" name="testNG.NotificationHandlePgm" time="1.720" errors="0" timestamp="2024-01-02T09:47:48 IST" skipped="0">
  <testcase classname="testNG.NotificationHandlePgm" name="url" time="1.720"/>
  <system-out/>
</testsuite> <!-- testNG.NotificationHandlePgm -->
