<?xml version="1.0" encoding="UTF-8"?>
<!-- Generated by org.testng.reporters.JUnitReportReporter -->
<testsuite hostname="LAPTOP-L57HJ0DS" failures="0" tests="1" name="testNG.SwaglabsDataDrivenTest" time="7.126" errors="0" timestamp="2024-01-03T14:37:30 IST" skipped="0">
  <testcase classname="testNG.SwaglabsDataDrivenTest" name="test1" time="7.126"/>
  <system-out/>
</testsuite> <!-- testNG.SwaglabsDataDrivenTest -->
