<?xml version="1.0" encoding="UTF-8"?>
<!-- Generated by org.testng.reporters.JUnitReportReporter -->
<testsuite hostname="LAPTOP-L57HJ0DS" failures="0" tests="1" name="DragDropPgm" time="3.787" errors="0" timestamp="2023-12-21T10:45:46 IST" skipped="0">
  <testcase classname="DragDropPgm" name="test1" time="3.787"/>
  <system-out/>
</testsuite> <!-- DragDropPgm -->
